
[2022-07-18T09:45:22.466Z] Analytics identify new anonymous user and enables cloud profile - false

[2022-07-18T09:45:35.409Z] -> Created new module config in garden.yml

[2022-07-18T09:45:35.425Z] Done flushing all events and log entries.

[2022-07-18T09:45:35.465Z] Error: Error validating module (garden.yml): key .name with value "garden-demo" fails to match the required pattern: /^(?!garden)(?=.{1,63}$)[a-z][a-z0-9]*(-[a-z0-9]+)*$/
    at validateSchema (/snapshot/project/tmp/pkg/cli/node_modules/@garden-io/core/src/config/validation.ts:134:11)
    at validateWithPath (/snapshot/project/tmp/pkg/cli/node_modules/@garden-io/core/src/config/validation.ts:80:13)
    at prepareModuleResource (/snapshot/project/tmp/pkg/cli/node_modules/@garden-io/core/src/config/base.ts:187:19)
    at prepareResource (/snapshot/project/tmp/pkg/cli/node_modules/@garden-io/core/src/config/base.ts:120:12)
    at /snapshot/project/tmp/pkg/cli/node_modules/@garden-io/core/src/config/base.ts:80:25
    at Array.map (<anonymous>)
    at loadConfigResources (/snapshot/project/tmp/pkg/cli/node_modules/@garden-io/core/src/config/base.ts:80:14)
    at findProjectConfig (/snapshot/project/tmp/pkg/cli/node_modules/@garden-io/core/src/config/base.ts:224:25)
    at CreateModuleCommand.action (/snapshot/project/tmp/pkg/cli/node_modules/@garden-io/core/src/commands/create/create-module.ts:217:27)
    at GardenCli.runCommand (/snapshot/project/tmp/pkg/cli/node_modules/@garden-io/core/src/cli/cli.ts:508:20)
    at GardenCli.run (/snapshot/project/tmp/pkg/cli/node_modules/@garden-io/core/src/cli/cli.ts:670:26)
    at Object.runCli (/snapshot/project/tmp/pkg/cli/src/cli.ts:41:14)

Error Details:

value:
  apiVersion: garden.io/v0
  kind: Module
  build:
    dependencies: []
  configPath: /Users/vfarcic/code/garden-demo/garden.yml
  name: garden-demo
  path: /Users/vfarcic/code/garden-demo
  serviceConfigs: []
  spec:
    dockerfile: Dockerfile
    build:
      dependencies: []
  testConfigs: []
  type: container
  taskConfigs: []
context: module (garden.yml)
errorDescription: "key \e[4m.name\e[24m with value \"garden-demo\" fails to match the required pattern: /^(?!garden)(?=.{1,63}$)[a-z][a-z0-9]*(-[a-z0-9]+)*$/"
errorDetails:
  - message: "key \e[4m.name\e[24m with value \"garden-demo\" fails to match the required pattern: /^(?!garden)(?=.{1,63}$)[a-z][a-z0-9]*(-[a-z0-9]+)*$/"
    path:
      - name
    type: string.pattern.base
    context:
      regex: {}
      value: garden-demo
      label: name
      key: name


[2022-07-18T09:45:35.470Z] 
See .garden/error.log for detailed error message

[2022-07-18T09:45:35.571Z] Done flushing all events and log entries.
